TN:
SF:src\classes_interfaces\decorators.ts
FN:7,<instance_members_initializer>
FN:11,Payload
FN:16,serializable
FN:20,serialize
FN:27,<instance_members_initializer>
FN:30,APIPayload
FN:34,getValue
FNF:7
FNH:7
FNDA:1,<instance_members_initializer>
FNDA:1,Payload
FNDA:2,serializable
FNDA:1,serialize
FNDA:1,<instance_members_initializer>
FNDA:1,APIPayload
FNDA:5,getValue
DA:1,1
DA:2,1
DA:3,1
DA:4,1
DA:5,1
DA:6,1
DA:7,1
DA:8,1
DA:9,1
DA:10,1
DA:11,1
DA:12,1
DA:13,1
DA:14,1
DA:15,1
DA:16,2
DA:17,2
DA:18,2
DA:19,2
DA:20,2
DA:21,1
DA:22,1
DA:23,2
DA:24,2
DA:25,1
DA:26,1
DA:27,1
DA:28,1
DA:29,1
DA:30,1
DA:31,1
DA:32,1
DA:33,1
DA:34,1
DA:35,5
DA:36,5
DA:37,1
DA:38,1
DA:39,1
LF:39
LH:39
BRDA:7,0,0,1
BRDA:11,1,0,1
BRDA:16,2,0,2
BRDA:20,3,0,1
BRDA:27,4,0,1
BRDA:30,5,0,1
BRDA:34,6,0,5
BRF:7
BRH:7
end_of_record
